disconnect(0)
make an entry id=0
disconnect(1)
make an entry id=1
disconnect(2)
make an entry id=2
connect(0)
connect(1)
connect(2)
Test (2C): basic persistence ...
选举超时, id=1, time=1705030712355
id=1 vote to itself, term=1, time=1705030712355
id=1 send to id=2
id=1 send to id=0
id=1 become leader, lastLogIdx=0, leaderCommit=0
heart beat handle success, leader=1, me=2, term=1, myCommit=0, time=1705030712356
heart beat handle success, leader=1, me=0, term=1, myCommit=0, time=1705030712356
heart beat handle success, leader=1, me=0, term=1, myCommit=0, time=1705030712356
heart beat handle success, leader=1, me=2, term=1, myCommit=0, time=1705030712357
leader=1 receive one log, logIndex=1
send cmd to 1, index=1
对于index=1日志, 有0个节点已经达成共识, 一共有3个节点
follower=2 will handle count=1, curIndex=0
follower=0 will handle count=1, curIndex=0
对于index=1日志, 有0个节点已经达成共识, 一共有3个节点
heart beat handle success, leader=1, me=0, term=1, myCommit=0, time=1705030712558
heart beat handle success, leader=1, me=2, term=1, myCommit=0, time=1705030712558
对于index=1日志, 有0个节点已经达成共识, 一共有3个节点
leader=1 refresh commit success, put logIndex=[1], rf.matchIndex=[1 1 1]
follower=0 refresh commit success, put logIndex=[1]
heart beat handle success, leader=1, me=0, term=1, myCommit=1, time=1705030712659
follower=2 refresh commit success, put logIndex=[1]
heart beat handle success, leader=1, me=2, term=1, myCommit=1, time=1705030712659
对于index=1日志, 有3个节点已经达成共识, 一共有3个节点
disconnect(0)
make an entry id=0
disconnect(1)
make an entry id=1
disconnect(2)
make an entry id=2
disconnect(0)
connect(0)
disconnect(1)
connect(1)
disconnect(2)
connect(2)
选举超时, id=1, time=1705030712894
id=1 vote to itself, term=1, time=1705030712894
id=1 send to id=2
id=1 send to id=0
id=1 become leader, lastLogIdx=0, leaderCommit=0
heart beat handle success, leader=1, me=0, term=1, myCommit=0, time=1705030712895
heart beat handle success, leader=1, me=2, term=1, myCommit=0, time=1705030712895
heart beat handle success, leader=1, me=2, term=1, myCommit=0, time=1705030712895
heart beat handle success, leader=1, me=0, term=1, myCommit=0, time=1705030712895
leader=1 receive one log, logIndex=1
send cmd to 1, index=1
对于index=1日志, 有3个节点已经达成共识, 一共有3个节点
follower=2 will handle count=1, curIndex=0
follower=0 will handle count=1, curIndex=0
对于index=1日志, 有3个节点已经达成共识, 一共有3个节点
heart beat handle success, leader=1, me=2, term=1, myCommit=0, time=1705030713096
heart beat handle success, leader=1, me=0, term=1, myCommit=0, time=1705030713096
对于index=1日志, 有3个节点已经达成共识, 一共有3个节点
心跳超时, id=2, time=1705030713189
id=2 vote to itself, term=2, time=1705030713189
id=2 send to id=1
id=2 send to id=0
leader=1 refresh commit success, put logIndex=[1], rf.matchIndex=[1 1 1]
2024/01/12 11:38:33 1: log map[1:11]; server map[1:11]
2024/01/12 11:38:33 1: log map[1:11]; server map[1:11]
2024/01/12 11:38:33 1: log map[1:11]; server map[1:11]
2024/01/12 11:38:33 apply error: commit index=1 server=1 12 != server=2 11
exit status 1
FAIL	6.5840/raft	1.022s
